This file contains any messages produced by compilers while
running configure, to aid debugging if configure makes a mistake.

It was created by lwipv6 configure 1.5a, which was
generated by GNU Autoconf 2.69.  Invocation command line was

  $ ./configure 

## --------- ##
## Platform. ##
## --------- ##

hostname = ThinkPadX220
uname -m = x86_64
uname -r = 5.0.8-arch1-1-ARCH
uname -s = Linux
uname -v = #1 SMP PREEMPT Wed Apr 17 14:56:15 UTC 2019

/usr/bin/uname -p = unknown
/bin/uname -X     = unknown

/bin/arch              = unknown
/usr/bin/arch -k       = unknown
/usr/convex/getsysinfo = unknown
/usr/bin/hostinfo      = unknown
/bin/machine           = unknown
/usr/bin/oslevel       = unknown
/bin/universe          = unknown

PATH: /home/andrea/bin
PATH: /usr/local/bin
PATH: /usr/local/sbin
PATH: /usr/local/bin
PATH: /usr/bin
PATH: /opt/android-sdk/platform-tools
PATH: /opt/android-sdk/tools
PATH: /opt/android-sdk/tools/bin
PATH: /usr/lib/jvm/default/bin
PATH: /usr/bin/site_perl
PATH: /usr/bin/vendor_perl
PATH: /usr/bin/core_perl
PATH: /opt/android-sdk/platform-tools
PATH: /opt/android-sdk/tools
PATH: /opt/android-sdk/tools/bin
PATH: /usr/lib/jvm/default/bin
PATH: /usr/bin/site_perl
PATH: /usr/bin/vendor_perl
PATH: /usr/bin/core_perl
PATH: /home/andrea/scripts


## ----------- ##
## Core tests. ##
## ----------- ##

configure:2362: checking for a BSD-compatible install
configure:2430: result: /usr/bin/install -c
configure:2441: checking whether build environment is sane
configure:2496: result: yes
configure:2645: checking for a thread-safe mkdir -p
configure:2684: result: /usr/bin/mkdir -p
configure:2691: checking for gawk
configure:2707: found /usr/bin/gawk
configure:2718: result: gawk
configure:2729: checking whether make sets $(MAKE)
configure:2751: result: yes
configure:2780: checking whether make supports nested variables
configure:2797: result: yes
configure:2976: checking for gcc
configure:2992: found /usr/bin/gcc
configure:3003: result: gcc
configure:3232: checking for C compiler version
configure:3241: gcc --version >&5
gcc (GCC) 8.3.0
Copyright (C) 2018 Free Software Foundation, Inc.
This is free software; see the source for copying conditions.  There is NO
warranty; not even for MERCHANTABILITY or FITNESS FOR A PARTICULAR PURPOSE.

configure:3252: $? = 0
configure:3241: gcc -v >&5
Using built-in specs.
COLLECT_GCC=gcc
COLLECT_LTO_WRAPPER=/usr/lib/gcc/x86_64-pc-linux-gnu/8.3.0/lto-wrapper
Target: x86_64-pc-linux-gnu
Configured with: /build/gcc/src/gcc/configure --prefix=/usr --libdir=/usr/lib --libexecdir=/usr/lib --mandir=/usr/share/man --infodir=/usr/share/info --with-bugurl=https://bugs.archlinux.org/ --enable-languages=c,c++,ada,fortran,go,lto,objc,obj-c++ --enable-shared --enable-threads=posix --enable-libmpx --with-system-zlib --with-isl --enable-__cxa_atexit --disable-libunwind-exceptions --enable-clocale=gnu --disable-libstdcxx-pch --disable-libssp --enable-gnu-unique-object --enable-linker-build-id --enable-lto --enable-plugin --enable-install-libiberty --with-linker-hash-style=gnu --enable-gnu-indirect-function --enable-multilib --disable-werror --enable-checking=release --enable-default-pie --enable-default-ssp --enable-cet=auto
Thread model: posix
gcc version 8.3.0 (GCC) 
configure:3252: $? = 0
configure:3241: gcc -V >&5
gcc: error: unrecognized command line option '-V'
gcc: fatal error: no input files
compilation terminated.
configure:3252: $? = 1
configure:3241: gcc -qversion >&5
gcc: error: unrecognized command line option '-qversion'; did you mean '--version'?
gcc: fatal error: no input files
compilation terminated.
configure:3252: $? = 1
configure:3272: checking whether the C compiler works
configure:3294: gcc    conftest.c  >&5
configure:3298: $? = 0
configure:3346: result: yes
configure:3349: checking for C compiler default output file name
configure:3351: result: a.out
configure:3357: checking for suffix of executables
configure:3364: gcc -o conftest    conftest.c  >&5
configure:3368: $? = 0
configure:3390: result: 
configure:3412: checking whether we are cross compiling
configure:3420: gcc -o conftest    conftest.c  >&5
configure:3424: $? = 0
configure:3431: ./conftest
configure:3435: $? = 0
configure:3423: result: no
configure:3428: checking for suffix of object files
configure:3450: gcc -c   conftest.c >&5
configure:3454: $? = 0
configure:3475: result: o
configure:3479: checking whether we are using the GNU C compiler
configure:3498: gcc -c   conftest.c >&5
configure:3498: $? = 0
configure:3507: result: yes
configure:3516: checking whether gcc accepts -g
configure:3536: gcc -c -g  conftest.c >&5
configure:3536: $? = 0
configure:3577: result: yes
configure:3594: checking for gcc option to accept ISO C89
configure:3657: gcc  -c -g -O2  conftest.c >&5
configure:3657: $? = 0
configure:3670: result: none needed
configure:3695: checking whether gcc understands -c and -o together
configure:3717: gcc -c conftest.c -o conftest2.o
configure:3720: $? = 0
configure:3717: gcc -c conftest.c -o conftest2.o
configure:3720: $? = 0
configure:3732: result: yes
configure:3752: checking whether make supports the include directive
configure:3767: make -f confmf.GNU && cat confinc.out
this is the am__doit target
configure:3770: $? = 0
configure:3789: result: yes (GNU style)
configure:3814: checking dependency style of gcc
configure:3925: result: gcc3
configure:3941: checking whether make sets $(MAKE)
configure:3963: result: yes
configure:4001: checking build system type
configure:4015: result: x86_64-pc-linux-gnu
configure:4035: checking host system type
configure:4048: result: x86_64-pc-linux-gnu
configure:4089: checking how to print strings
configure:4116: result: printf
configure:4137: checking for a sed that does not truncate output
configure:4201: result: /usr/bin/sed
configure:4219: checking for grep that handles long lines and -e
configure:4277: result: /usr/bin/grep
configure:4282: checking for egrep
configure:4344: result: /usr/bin/grep -E
configure:4349: checking for fgrep
configure:4411: result: /usr/bin/grep -F
configure:4446: checking for ld used by gcc
configure:4513: result: /usr/bin/ld
configure:4520: checking if the linker (/usr/bin/ld) is GNU ld
configure:4535: result: yes
configure:4547: checking for BSD- or MS-compatible name lister (nm)
configure:4601: result: /usr/bin/nm -B
configure:4731: checking the name lister (/usr/bin/nm -B) interface
configure:4738: gcc -c -g -O2  conftest.c >&5
configure:4741: /usr/bin/nm -B "conftest.o"
configure:4744: output
0000000000000000 B some_variable
configure:4745: result: BSD nm
configure:4748: checking whether ln -s works
configure:4752: result: yes
configure:4760: checking the maximum length of command line arguments
configure:4891: result: 1572864
configure:4939: checking how to convert x86_64-pc-linux-gnu file names to x86_64-pc-linux-gnu format
configure:4979: result: func_convert_file_noop
configure:4986: checking how to convert x86_64-pc-linux-gnu file names to toolchain format
configure:5006: result: func_convert_file_noop
configure:5013: checking for /usr/bin/ld option to reload object files
configure:5020: result: -r
configure:5094: checking for objdump
configure:5110: found /usr/bin/objdump
configure:5121: result: objdump
configure:5153: checking how to recognize dependent libraries
configure:5353: result: pass_all
configure:5438: checking for dlltool
configure:5468: result: no
configure:5498: checking how to associate runtime and link libraries
configure:5525: result: printf %s\n
configure:5586: checking for ar
configure:5602: found /usr/bin/ar
configure:5613: result: ar
configure:5666: checking for archiver @FILE support
configure:5683: gcc -c -g -O2  conftest.c >&5
configure:5683: $? = 0
configure:5686: ar cr libconftest.a @conftest.lst >&5
configure:5689: $? = 0
configure:5694: ar cr libconftest.a @conftest.lst >&5
ar: conftest.o: No such file or directory
configure:5697: $? = 1
configure:5696: result: @
configure:5754: checking for strip
configure:5770: found /usr/bin/strip
configure:5781: result: strip
configure:5853: checking for ranlib
configure:5869: found /usr/bin/ranlib
configure:5880: result: ranlib
configure:5982: checking command to parse /usr/bin/nm -B output from gcc object
configure:6135: gcc -c -g -O2  conftest.c >&5
configure:6138: $? = 0
configure:6142: /usr/bin/nm -B conftest.o \| sed -n -e 's/^.*[ ]\([ABCDGIRSTW][ABCDGIRSTW]*\)[ ][ ]*\([_A-Za-z][_A-Za-z0-9]*\)$/\1 \2 \2/p' | sed '/ __gnu_lto/d' \> conftest.nm
configure:6145: $? = 0
configure:6211: gcc -o conftest -g -O2   conftest.c conftstm.o >&5
configure:6214: $? = 0
configure:6252: result: ok
configure:6299: checking for sysroot
configure:6329: result: no
configure:6336: checking for a working dd
configure:6374: result: /usr/bin/dd
configure:6378: checking how to truncate binary pipes
configure:6393: result: /usr/bin/dd bs=4096 count=1
configure:6529: gcc -c -g -O2  conftest.c >&5
configure:6532: $? = 0
configure:6722: checking for mt
configure:6752: result: no
configure:6772: checking if : is a manifest tool
configure:6778: : '-?'
configure:6786: result: no
configure:7463: checking how to run the C preprocessor
configure:7494: gcc -E  conftest.c
configure:7494: $? = 0
configure:7508: gcc -E  conftest.c
conftest.c:11:10: fatal error: ac_nonexistent.h: No such file or directory
 #include <ac_nonexistent.h>
          ^~~~~~~~~~~~~~~~~~
compilation terminated.
configure:7508: $? = 1
configure: failed program was:
| /* confdefs.h */
| #define PACKAGE_NAME "lwipv6"
| #define PACKAGE_TARNAME "lwipv6"
| #define PACKAGE_VERSION "1.5a"
| #define PACKAGE_STRING "lwipv6 1.5a"
| #define PACKAGE_BUGREPORT "info@v2.cs.unibo.it"
| #define PACKAGE_URL ""
| #define PACKAGE "lwipv6"
| #define VERSION "1.5a"
| /* end confdefs.h.  */
| #include <ac_nonexistent.h>
configure:7533: result: gcc -E
configure:7553: gcc -E  conftest.c
configure:7553: $? = 0
configure:7567: gcc -E  conftest.c
conftest.c:11:10: fatal error: ac_nonexistent.h: No such file or directory
 #include <ac_nonexistent.h>
          ^~~~~~~~~~~~~~~~~~
compilation terminated.
configure:7567: $? = 1
configure: failed program was:
| /* confdefs.h */
| #define PACKAGE_NAME "lwipv6"
| #define PACKAGE_TARNAME "lwipv6"
| #define PACKAGE_VERSION "1.5a"
| #define PACKAGE_STRING "lwipv6 1.5a"
| #define PACKAGE_BUGREPORT "info@v2.cs.unibo.it"
| #define PACKAGE_URL ""
| #define PACKAGE "lwipv6"
| #define VERSION "1.5a"
| /* end confdefs.h.  */
| #include <ac_nonexistent.h>
configure:7596: checking for ANSI C header files
configure:7616: gcc -c -g -O2  conftest.c >&5
configure:7616: $? = 0
configure:7689: gcc -o conftest -g -O2   conftest.c  >&5
configure:7689: $? = 0
configure:7689: ./conftest
configure:7689: $? = 0
configure:7700: result: yes
configure:7713: checking for sys/types.h
configure:7713: gcc -c -g -O2  conftest.c >&5
configure:7713: $? = 0
configure:7713: result: yes
configure:7713: checking for sys/stat.h
configure:7713: gcc -c -g -O2  conftest.c >&5
configure:7713: $? = 0
configure:7713: result: yes
configure:7713: checking for stdlib.h
configure:7713: gcc -c -g -O2  conftest.c >&5
configure:7713: $? = 0
configure:7713: result: yes
configure:7713: checking for string.h
configure:7713: gcc -c -g -O2  conftest.c >&5
configure:7713: $? = 0
configure:7713: result: yes
configure:7713: checking for memory.h
configure:7713: gcc -c -g -O2  conftest.c >&5
configure:7713: $? = 0
configure:7713: result: yes
configure:7713: checking for strings.h
configure:7713: gcc -c -g -O2  conftest.c >&5
configure:7713: $? = 0
configure:7713: result: yes
configure:7713: checking for inttypes.h
configure:7713: gcc -c -g -O2  conftest.c >&5
configure:7713: $? = 0
configure:7713: result: yes
configure:7713: checking for stdint.h
configure:7713: gcc -c -g -O2  conftest.c >&5
configure:7713: $? = 0
configure:7713: result: yes
configure:7713: checking for unistd.h
configure:7713: gcc -c -g -O2  conftest.c >&5
configure:7713: $? = 0
configure:7713: result: yes
configure:7727: checking for dlfcn.h
configure:7727: gcc -c -g -O2  conftest.c >&5
configure:7727: $? = 0
configure:7727: result: yes
configure:7983: checking for objdir
configure:7998: result: .libs
configure:8258: checking if gcc supports -fno-rtti -fno-exceptions
configure:8276: gcc -c -g -O2  -fno-rtti -fno-exceptions conftest.c >&5
cc1: warning: command line option '-fno-rtti' is valid for C++/ObjC++ but not for C
configure:8280: $? = 0
configure:8293: result: no
configure:8651: checking for gcc option to produce PIC
configure:8658: result: -fPIC -DPIC
configure:8666: checking if gcc PIC flag -fPIC -DPIC works
configure:8684: gcc -c -g -O2  -fPIC -DPIC -DPIC conftest.c >&5
configure:8688: $? = 0
configure:8701: result: yes
configure:8730: checking if gcc static flag -static works
configure:8758: result: yes
configure:8773: checking if gcc supports -c -o file.o
configure:8794: gcc -c -g -O2  -o out/conftest2.o conftest.c >&5
configure:8798: $? = 0
configure:8820: result: yes
configure:8828: checking if gcc supports -c -o file.o
configure:8875: result: yes
configure:8908: checking whether the gcc linker (/usr/bin/ld -m elf_x86_64) supports shared libraries
configure:10169: result: yes
configure:10206: checking whether -lc should be explicitly linked in
configure:10214: gcc -c -g -O2  conftest.c >&5
configure:10217: $? = 0
configure:10232: gcc -shared  -fPIC -DPIC conftest.o  -v -Wl,-soname -Wl,conftest -o conftest 2\>\&1 \| /usr/bin/grep  -lc  \>/dev/null 2\>\&1
configure:10235: $? = 0
configure:10249: result: no
configure:10409: checking dynamic linker characteristics
configure:10990: gcc -o conftest -g -O2   -Wl,-rpath -Wl,/foo conftest.c  >&5
configure:10990: $? = 0
configure:11227: result: GNU/Linux ld.so
configure:11349: checking how to hardcode library paths into programs
configure:11374: result: immediate
configure:11922: checking whether stripping libraries is possible
configure:11931: result: yes
configure:11973: checking if libtool supports shared libraries
configure:11975: result: yes
configure:11978: checking whether to build shared libraries
configure:12003: result: yes
configure:12006: checking whether to build static libraries
configure:12010: result: yes
configure:8828: checking for pcap_open_offline in -lpcap
configure:8853: gcc -o conftest -g -O2   conftest.c -lpcap   >&5
configure:8853: $? = 0
configure:8862: result: yes
configure:8875: checking for forkpty in -lutil
configure:8900: gcc -o conftest -g -O2   conftest.c -lutil  -lpcap  >&5
configure:8900: $? = 0
configure:8909: result: yes
configure:8922: checking for vde_close in -lvdeplug
configure:8947: gcc -o conftest -g -O2   conftest.c -lvdeplug  -lutil -lpcap  >&5
configure:8947: $? = 0
configure:8956: result: yes
configure:8969: checking for pthread_create in -lpthread
configure:8994: gcc -o conftest -g -O2   conftest.c -lpthread  -lvdeplug -lutil -lpcap  >&5
configure:8994: $? = 0
configure:9003: result: yes
configure:9016: checking for dlopen in -ldl
configure:9041: gcc -o conftest -g -O2   conftest.c -ldl  -lpthread -lvdeplug -lutil -lpcap  >&5
configure:9041: $? = 0
configure:9050: result: yes
configure:9065: checking for ANSI C header files
configure:9169: result: yes
configure:9180: checking arpa/inet.h usability
configure:9180: gcc -c -g -O2  conftest.c >&5
configure:9180: $? = 0
configure:9180: result: yes
configure:9180: checking arpa/inet.h presence
configure:9180: gcc -E  conftest.c
configure:9180: $? = 0
configure:9180: result: yes
configure:9180: checking for arpa/inet.h
configure:9180: result: yes
configure:9180: checking fcntl.h usability
configure:9180: gcc -c -g -O2  conftest.c >&5
configure:9180: $? = 0
configure:9180: result: yes
configure:9180: checking fcntl.h presence
configure:9180: gcc -E  conftest.c
configure:9180: $? = 0
configure:9180: result: yes
configure:9180: checking for fcntl.h
configure:9180: result: yes
configure:9180: checking limits.h usability
configure:9180: gcc -c -g -O2  conftest.c >&5
configure:9180: $? = 0
configure:9180: result: yes
configure:9180: checking limits.h presence
configure:9180: gcc -E  conftest.c
configure:9180: $? = 0
configure:9180: result: yes
configure:9180: checking for limits.h
configure:9180: result: yes
configure:9180: checking netinet/in.h usability
configure:9180: gcc -c -g -O2  conftest.c >&5
configure:9180: $? = 0
configure:9180: result: yes
configure:9180: checking netinet/in.h presence
configure:9180: gcc -E  conftest.c
configure:9180: $? = 0
configure:9180: result: yes
configure:9180: checking for netinet/in.h
configure:9180: result: yes
configure:9180: checking for stdint.h
configure:9180: result: yes
configure:9180: checking for stdlib.h
configure:9180: result: yes
configure:9180: checking for string.h
configure:9180: result: yes
configure:9180: checking sys/ioctl.h usability
configure:9180: gcc -c -g -O2  conftest.c >&5
configure:9180: $? = 0
configure:9180: result: yes
configure:9180: checking sys/ioctl.h presence
configure:9180: gcc -E  conftest.c
configure:9180: $? = 0
configure:9180: result: yes
configure:9180: checking for sys/ioctl.h
configure:9180: result: yes
configure:9180: checking sys/socket.h usability
configure:9180: gcc -c -g -O2  conftest.c >&5
configure:9180: $? = 0
configure:9180: result: yes
configure:9180: checking sys/socket.h presence
configure:9180: gcc -E  conftest.c
configure:9180: $? = 0
configure:9180: result: yes
configure:9180: checking for sys/socket.h
configure:9180: result: yes
configure:9180: checking sys/time.h usability
configure:9180: gcc -c -g -O2  conftest.c >&5
configure:9180: $? = 0
configure:9180: result: yes
configure:9180: checking sys/time.h presence
configure:9180: gcc -E  conftest.c
configure:9180: $? = 0
configure:9180: result: yes
configure:9180: checking for sys/time.h
configure:9180: result: yes
configure:9180: checking termios.h usability
configure:9180: gcc -c -g -O2  conftest.c >&5
configure:9180: $? = 0
configure:9180: result: yes
configure:9180: checking termios.h presence
configure:9180: gcc -E  conftest.c
configure:9180: $? = 0
configure:9180: result: yes
configure:9180: checking for termios.h
configure:9180: result: yes
configure:9180: checking for unistd.h
configure:9180: result: yes
configure:9192: checking for stdbool.h that conforms to C99
configure:9259: gcc -c -g -O2  conftest.c >&5
configure:9259: $? = 0
configure:9266: result: yes
configure:9268: checking for _Bool
configure:9268: gcc -c -g -O2  conftest.c >&5
configure:9268: $? = 0
configure:9268: gcc -c -g -O2  conftest.c >&5
conftest.c: In function 'main':
conftest.c:77:20: error: expected expression before ')' token
 if (sizeof ((_Bool)))
                    ^
configure:9268: $? = 1
configure: failed program was:
| /* confdefs.h */
| #define PACKAGE_NAME "lwipv6"
| #define PACKAGE_TARNAME "lwipv6"
| #define PACKAGE_VERSION "1.5a"
| #define PACKAGE_STRING "lwipv6 1.5a"
| #define PACKAGE_BUGREPORT "info@v2.cs.unibo.it"
| #define PACKAGE_URL ""
| #define PACKAGE "lwipv6"
| #define VERSION "1.5a"
| #define STDC_HEADERS 1
| #define HAVE_SYS_TYPES_H 1
| #define HAVE_SYS_STAT_H 1
| #define HAVE_STDLIB_H 1
| #define HAVE_STRING_H 1
| #define HAVE_MEMORY_H 1
| #define HAVE_STRINGS_H 1
| #define HAVE_INTTYPES_H 1
| #define HAVE_STDINT_H 1
| #define HAVE_UNISTD_H 1
| #define HAVE_DLFCN_H 1
| #define LT_OBJDIR ".libs/"
| #define HAVE_LIBPCAP 1
| #define HAVE_LIBUTIL 1
| #define HAVE_LIBVDEPLUG 1
| #define HAVE_LIBPTHREAD 1
| #define HAVE_LIBDL 1
| #define STDC_HEADERS 1
| #define HAVE_ARPA_INET_H 1
| #define HAVE_FCNTL_H 1
| #define HAVE_LIMITS_H 1
| #define HAVE_NETINET_IN_H 1
| #define HAVE_STDINT_H 1
| #define HAVE_STDLIB_H 1
| #define HAVE_STRING_H 1
| #define HAVE_SYS_IOCTL_H 1
| #define HAVE_SYS_SOCKET_H 1
| #define HAVE_SYS_TIME_H 1
| #define HAVE_TERMIOS_H 1
| #define HAVE_UNISTD_H 1
| /* end confdefs.h.  */
| #include <stdio.h>
| #ifdef HAVE_SYS_TYPES_H
| # include <sys/types.h>
| #endif
| #ifdef HAVE_SYS_STAT_H
| # include <sys/stat.h>
| #endif
| #ifdef STDC_HEADERS
| # include <stdlib.h>
| # include <stddef.h>
| #else
| # ifdef HAVE_STDLIB_H
| #  include <stdlib.h>
| # endif
| #endif
| #ifdef HAVE_STRING_H
| # if !defined STDC_HEADERS && defined HAVE_MEMORY_H
| #  include <memory.h>
| # endif
| # include <string.h>
| #endif
| #ifdef HAVE_STRINGS_H
| # include <strings.h>
| #endif
| #ifdef HAVE_INTTYPES_H
| # include <inttypes.h>
| #endif
| #ifdef HAVE_STDINT_H
| # include <stdint.h>
| #endif
| #ifdef HAVE_UNISTD_H
| # include <unistd.h>
| #endif
| int
| main ()
| {
| if (sizeof ((_Bool)))
| 	    return 0;
|   ;
|   return 0;
| }
configure:9268: result: yes
configure:9285: checking for an ANSI C-conforming const
configure:9351: gcc -c -g -O2  conftest.c >&5
configure:9351: $? = 0
configure:9358: result: yes
configure:9366: checking for inline
configure:9382: gcc -c -g -O2  conftest.c >&5
configure:9382: $? = 0
configure:9390: result: inline
configure:9408: checking for off_t
configure:9408: gcc -c -g -O2  conftest.c >&5
configure:9408: $? = 0
configure:9408: gcc -c -g -O2  conftest.c >&5
conftest.c: In function 'main':
conftest.c:79:20: error: expected expression before ')' token
 if (sizeof ((off_t)))
                    ^
configure:9408: $? = 1
configure: failed program was:
| /* confdefs.h */
| #define PACKAGE_NAME "lwipv6"
| #define PACKAGE_TARNAME "lwipv6"
| #define PACKAGE_VERSION "1.5a"
| #define PACKAGE_STRING "lwipv6 1.5a"
| #define PACKAGE_BUGREPORT "info@v2.cs.unibo.it"
| #define PACKAGE_URL ""
| #define PACKAGE "lwipv6"
| #define VERSION "1.5a"
| #define STDC_HEADERS 1
| #define HAVE_SYS_TYPES_H 1
| #define HAVE_SYS_STAT_H 1
| #define HAVE_STDLIB_H 1
| #define HAVE_STRING_H 1
| #define HAVE_MEMORY_H 1
| #define HAVE_STRINGS_H 1
| #define HAVE_INTTYPES_H 1
| #define HAVE_STDINT_H 1
| #define HAVE_UNISTD_H 1
| #define HAVE_DLFCN_H 1
| #define LT_OBJDIR ".libs/"
| #define HAVE_LIBPCAP 1
| #define HAVE_LIBUTIL 1
| #define HAVE_LIBVDEPLUG 1
| #define HAVE_LIBPTHREAD 1
| #define HAVE_LIBDL 1
| #define STDC_HEADERS 1
| #define HAVE_ARPA_INET_H 1
| #define HAVE_FCNTL_H 1
| #define HAVE_LIMITS_H 1
| #define HAVE_NETINET_IN_H 1
| #define HAVE_STDINT_H 1
| #define HAVE_STDLIB_H 1
| #define HAVE_STRING_H 1
| #define HAVE_SYS_IOCTL_H 1
| #define HAVE_SYS_SOCKET_H 1
| #define HAVE_SYS_TIME_H 1
| #define HAVE_TERMIOS_H 1
| #define HAVE_UNISTD_H 1
| #define HAVE__BOOL 1
| #define HAVE_STDBOOL_H 1
| /* end confdefs.h.  */
| #include <stdio.h>
| #ifdef HAVE_SYS_TYPES_H
| # include <sys/types.h>
| #endif
| #ifdef HAVE_SYS_STAT_H
| # include <sys/stat.h>
| #endif
| #ifdef STDC_HEADERS
| # include <stdlib.h>
| # include <stddef.h>
| #else
| # ifdef HAVE_STDLIB_H
| #  include <stdlib.h>
| # endif
| #endif
| #ifdef HAVE_STRING_H
| # if !defined STDC_HEADERS && defined HAVE_MEMORY_H
| #  include <memory.h>
| # endif
| # include <string.h>
| #endif
| #ifdef HAVE_STRINGS_H
| # include <strings.h>
| #endif
| #ifdef HAVE_INTTYPES_H
| # include <inttypes.h>
| #endif
| #ifdef HAVE_STDINT_H
| # include <stdint.h>
| #endif
| #ifdef HAVE_UNISTD_H
| # include <unistd.h>
| #endif
| int
| main ()
| {
| if (sizeof ((off_t)))
| 	    return 0;
|   ;
|   return 0;
| }
configure:9408: result: yes
configure:9419: checking for pid_t
configure:9419: gcc -c -g -O2  conftest.c >&5
configure:9419: $? = 0
configure:9419: gcc -c -g -O2  conftest.c >&5
conftest.c: In function 'main':
conftest.c:79:20: error: expected expression before ')' token
 if (sizeof ((pid_t)))
                    ^
configure:9419: $? = 1
configure: failed program was:
| /* confdefs.h */
| #define PACKAGE_NAME "lwipv6"
| #define PACKAGE_TARNAME "lwipv6"
| #define PACKAGE_VERSION "1.5a"
| #define PACKAGE_STRING "lwipv6 1.5a"
| #define PACKAGE_BUGREPORT "info@v2.cs.unibo.it"
| #define PACKAGE_URL ""
| #define PACKAGE "lwipv6"
| #define VERSION "1.5a"
| #define STDC_HEADERS 1
| #define HAVE_SYS_TYPES_H 1
| #define HAVE_SYS_STAT_H 1
| #define HAVE_STDLIB_H 1
| #define HAVE_STRING_H 1
| #define HAVE_MEMORY_H 1
| #define HAVE_STRINGS_H 1
| #define HAVE_INTTYPES_H 1
| #define HAVE_STDINT_H 1
| #define HAVE_UNISTD_H 1
| #define HAVE_DLFCN_H 1
| #define LT_OBJDIR ".libs/"
| #define HAVE_LIBPCAP 1
| #define HAVE_LIBUTIL 1
| #define HAVE_LIBVDEPLUG 1
| #define HAVE_LIBPTHREAD 1
| #define HAVE_LIBDL 1
| #define STDC_HEADERS 1
| #define HAVE_ARPA_INET_H 1
| #define HAVE_FCNTL_H 1
| #define HAVE_LIMITS_H 1
| #define HAVE_NETINET_IN_H 1
| #define HAVE_STDINT_H 1
| #define HAVE_STDLIB_H 1
| #define HAVE_STRING_H 1
| #define HAVE_SYS_IOCTL_H 1
| #define HAVE_SYS_SOCKET_H 1
| #define HAVE_SYS_TIME_H 1
| #define HAVE_TERMIOS_H 1
| #define HAVE_UNISTD_H 1
| #define HAVE__BOOL 1
| #define HAVE_STDBOOL_H 1
| /* end confdefs.h.  */
| #include <stdio.h>
| #ifdef HAVE_SYS_TYPES_H
| # include <sys/types.h>
| #endif
| #ifdef HAVE_SYS_STAT_H
| # include <sys/stat.h>
| #endif
| #ifdef STDC_HEADERS
| # include <stdlib.h>
| # include <stddef.h>
| #else
| # ifdef HAVE_STDLIB_H
| #  include <stdlib.h>
| # endif
| #endif
| #ifdef HAVE_STRING_H
| # if !defined STDC_HEADERS && defined HAVE_MEMORY_H
| #  include <memory.h>
| # endif
| # include <string.h>
| #endif
| #ifdef HAVE_STRINGS_H
| # include <strings.h>
| #endif
| #ifdef HAVE_INTTYPES_H
| # include <inttypes.h>
| #endif
| #ifdef HAVE_STDINT_H
| # include <stdint.h>
| #endif
| #ifdef HAVE_UNISTD_H
| # include <unistd.h>
| #endif
| int
| main ()
| {
| if (sizeof ((pid_t)))
| 	    return 0;
|   ;
|   return 0;
| }
configure:9419: result: yes
configure:9430: checking for size_t
configure:9430: gcc -c -g -O2  conftest.c >&5
configure:9430: $? = 0
configure:9430: gcc -c -g -O2  conftest.c >&5
conftest.c: In function 'main':
conftest.c:79:21: error: expected expression before ')' token
 if (sizeof ((size_t)))
                     ^
configure:9430: $? = 1
configure: failed program was:
| /* confdefs.h */
| #define PACKAGE_NAME "lwipv6"
| #define PACKAGE_TARNAME "lwipv6"
| #define PACKAGE_VERSION "1.5a"
| #define PACKAGE_STRING "lwipv6 1.5a"
| #define PACKAGE_BUGREPORT "info@v2.cs.unibo.it"
| #define PACKAGE_URL ""
| #define PACKAGE "lwipv6"
| #define VERSION "1.5a"
| #define STDC_HEADERS 1
| #define HAVE_SYS_TYPES_H 1
| #define HAVE_SYS_STAT_H 1
| #define HAVE_STDLIB_H 1
| #define HAVE_STRING_H 1
| #define HAVE_MEMORY_H 1
| #define HAVE_STRINGS_H 1
| #define HAVE_INTTYPES_H 1
| #define HAVE_STDINT_H 1
| #define HAVE_UNISTD_H 1
| #define HAVE_DLFCN_H 1
| #define LT_OBJDIR ".libs/"
| #define HAVE_LIBPCAP 1
| #define HAVE_LIBUTIL 1
| #define HAVE_LIBVDEPLUG 1
| #define HAVE_LIBPTHREAD 1
| #define HAVE_LIBDL 1
| #define STDC_HEADERS 1
| #define HAVE_ARPA_INET_H 1
| #define HAVE_FCNTL_H 1
| #define HAVE_LIMITS_H 1
| #define HAVE_NETINET_IN_H 1
| #define HAVE_STDINT_H 1
| #define HAVE_STDLIB_H 1
| #define HAVE_STRING_H 1
| #define HAVE_SYS_IOCTL_H 1
| #define HAVE_SYS_SOCKET_H 1
| #define HAVE_SYS_TIME_H 1
| #define HAVE_TERMIOS_H 1
| #define HAVE_UNISTD_H 1
| #define HAVE__BOOL 1
| #define HAVE_STDBOOL_H 1
| /* end confdefs.h.  */
| #include <stdio.h>
| #ifdef HAVE_SYS_TYPES_H
| # include <sys/types.h>
| #endif
| #ifdef HAVE_SYS_STAT_H
| # include <sys/stat.h>
| #endif
| #ifdef STDC_HEADERS
| # include <stdlib.h>
| # include <stddef.h>
| #else
| # ifdef HAVE_STDLIB_H
| #  include <stdlib.h>
| # endif
| #endif
| #ifdef HAVE_STRING_H
| # if !defined STDC_HEADERS && defined HAVE_MEMORY_H
| #  include <memory.h>
| # endif
| # include <string.h>
| #endif
| #ifdef HAVE_STRINGS_H
| # include <strings.h>
| #endif
| #ifdef HAVE_INTTYPES_H
| # include <inttypes.h>
| #endif
| #ifdef HAVE_STDINT_H
| # include <stdint.h>
| #endif
| #ifdef HAVE_UNISTD_H
| # include <unistd.h>
| #endif
| int
| main ()
| {
| if (sizeof ((size_t)))
| 	    return 0;
|   ;
|   return 0;
| }
configure:9430: result: yes
configure:9441: checking for ssize_t
configure:9441: gcc -c -g -O2  conftest.c >&5
configure:9441: $? = 0
configure:9441: gcc -c -g -O2  conftest.c >&5
conftest.c: In function 'main':
conftest.c:79:22: error: expected expression before ')' token
 if (sizeof ((ssize_t)))
                      ^
configure:9441: $? = 1
configure: failed program was:
| /* confdefs.h */
| #define PACKAGE_NAME "lwipv6"
| #define PACKAGE_TARNAME "lwipv6"
| #define PACKAGE_VERSION "1.5a"
| #define PACKAGE_STRING "lwipv6 1.5a"
| #define PACKAGE_BUGREPORT "info@v2.cs.unibo.it"
| #define PACKAGE_URL ""
| #define PACKAGE "lwipv6"
| #define VERSION "1.5a"
| #define STDC_HEADERS 1
| #define HAVE_SYS_TYPES_H 1
| #define HAVE_SYS_STAT_H 1
| #define HAVE_STDLIB_H 1
| #define HAVE_STRING_H 1
| #define HAVE_MEMORY_H 1
| #define HAVE_STRINGS_H 1
| #define HAVE_INTTYPES_H 1
| #define HAVE_STDINT_H 1
| #define HAVE_UNISTD_H 1
| #define HAVE_DLFCN_H 1
| #define LT_OBJDIR ".libs/"
| #define HAVE_LIBPCAP 1
| #define HAVE_LIBUTIL 1
| #define HAVE_LIBVDEPLUG 1
| #define HAVE_LIBPTHREAD 1
| #define HAVE_LIBDL 1
| #define STDC_HEADERS 1
| #define HAVE_ARPA_INET_H 1
| #define HAVE_FCNTL_H 1
| #define HAVE_LIMITS_H 1
| #define HAVE_NETINET_IN_H 1
| #define HAVE_STDINT_H 1
| #define HAVE_STDLIB_H 1
| #define HAVE_STRING_H 1
| #define HAVE_SYS_IOCTL_H 1
| #define HAVE_SYS_SOCKET_H 1
| #define HAVE_SYS_TIME_H 1
| #define HAVE_TERMIOS_H 1
| #define HAVE_UNISTD_H 1
| #define HAVE__BOOL 1
| #define HAVE_STDBOOL_H 1
| /* end confdefs.h.  */
| #include <stdio.h>
| #ifdef HAVE_SYS_TYPES_H
| # include <sys/types.h>
| #endif
| #ifdef HAVE_SYS_STAT_H
| # include <sys/stat.h>
| #endif
| #ifdef STDC_HEADERS
| # include <stdlib.h>
| # include <stddef.h>
| #else
| # ifdef HAVE_STDLIB_H
| #  include <stdlib.h>
| # endif
| #endif
| #ifdef HAVE_STRING_H
| # if !defined STDC_HEADERS && defined HAVE_MEMORY_H
| #  include <memory.h>
| # endif
| # include <string.h>
| #endif
| #ifdef HAVE_STRINGS_H
| # include <strings.h>
| #endif
| #ifdef HAVE_INTTYPES_H
| # include <inttypes.h>
| #endif
| #ifdef HAVE_STDINT_H
| # include <stdint.h>
| #endif
| #ifdef HAVE_UNISTD_H
| # include <unistd.h>
| #endif
| int
| main ()
| {
| if (sizeof ((ssize_t)))
| 	    return 0;
|   ;
|   return 0;
| }
configure:9441: result: yes
configure:9452: checking whether time.h and sys/time.h may both be included
configure:9472: gcc -c -g -O2  conftest.c >&5
configure:9472: $? = 0
configure:9479: result: yes
configure:9487: checking for uint32_t
configure:9487: gcc -c -g -O2  conftest.c >&5
configure:9487: $? = 0
configure:9487: result: yes
configure:9501: checking for working volatile
configure:9520: gcc -c -g -O2  conftest.c >&5
configure:9520: $? = 0
configure:9527: result: yes
configure:9537: checking for error_at_line
configure:9553: gcc -o conftest -g -O2   conftest.c -ldl -lpthread -lvdeplug -lutil -lpcap  >&5
configure:9553: $? = 0
configure:9561: result: yes
configure:9573: checking whether gcc needs -traditional
configure:9607: result: no
configure:9616: checking for stdlib.h
configure:9616: result: yes
configure:9626: checking for GNU libc compatible malloc
configure:9650: gcc -o conftest -g -O2   conftest.c -ldl -lpthread -lvdeplug -lutil -lpcap  >&5
configure:9650: $? = 0
configure:9650: ./conftest
configure:9650: $? = 0
configure:9660: result: yes
configure:9681: checking for working memcmp
configure:9724: gcc -o conftest -g -O2   conftest.c -ldl -lpthread -lvdeplug -lutil -lpcap  >&5
configure:9724: $? = 0
configure:9724: ./conftest
configure:9724: $? = 0
configure:9734: result: yes
configure:9745: checking for stdlib.h
configure:9745: result: yes
configure:9755: checking for GNU libc compatible realloc
configure:9779: gcc -o conftest -g -O2   conftest.c -ldl -lpthread -lvdeplug -lutil -lpcap  >&5
configure:9779: $? = 0
configure:9779: ./conftest
configure:9779: $? = 0
configure:9789: result: yes
configure:9813: checking sys/select.h usability
configure:9813: gcc -c -g -O2  conftest.c >&5
configure:9813: $? = 0
configure:9813: result: yes
configure:9813: checking sys/select.h presence
configure:9813: gcc -E  conftest.c
configure:9813: $? = 0
configure:9813: result: yes
configure:9813: checking for sys/select.h
configure:9813: result: yes
configure:9813: checking for sys/socket.h
configure:9813: result: yes
configure:9823: checking types of arguments for select
configure:9851: gcc -c -g -O2  conftest.c >&5
configure:9851: $? = 0
configure:9862: result: int,fd_set *,struct timeval *
configure:9887: checking for vprintf
configure:9887: gcc -o conftest -g -O2   conftest.c -ldl -lpthread -lvdeplug -lutil -lpcap  >&5
conftest.c:76:6: warning: conflicting types for built-in function 'vprintf' [-Wbuiltin-declaration-mismatch]
 char vprintf ();
      ^~~~~~~
configure:9887: $? = 0
configure:9887: result: yes
configure:9893: checking for _doprnt
configure:9893: gcc -o conftest -g -O2   conftest.c -ldl -lpthread -lvdeplug -lutil -lpcap  >&5
/usr/bin/ld: /tmp/ccYbOxmi.o: in function `main':
/home/andrea/Documents/SistemiVirtuali/Project/vuos/vunet_modules/lwipv6/conftest.c:88: undefined reference to `_doprnt'
collect2: error: ld returned 1 exit status
configure:9893: $? = 1
configure: failed program was:
| /* confdefs.h */
| #define PACKAGE_NAME "lwipv6"
| #define PACKAGE_TARNAME "lwipv6"
| #define PACKAGE_VERSION "1.5a"
| #define PACKAGE_STRING "lwipv6 1.5a"
| #define PACKAGE_BUGREPORT "info@v2.cs.unibo.it"
| #define PACKAGE_URL ""
| #define PACKAGE "lwipv6"
| #define VERSION "1.5a"
| #define STDC_HEADERS 1
| #define HAVE_SYS_TYPES_H 1
| #define HAVE_SYS_STAT_H 1
| #define HAVE_STDLIB_H 1
| #define HAVE_STRING_H 1
| #define HAVE_MEMORY_H 1
| #define HAVE_STRINGS_H 1
| #define HAVE_INTTYPES_H 1
| #define HAVE_STDINT_H 1
| #define HAVE_UNISTD_H 1
| #define HAVE_DLFCN_H 1
| #define LT_OBJDIR ".libs/"
| #define HAVE_LIBPCAP 1
| #define HAVE_LIBUTIL 1
| #define HAVE_LIBVDEPLUG 1
| #define HAVE_LIBPTHREAD 1
| #define HAVE_LIBDL 1
| #define STDC_HEADERS 1
| #define HAVE_ARPA_INET_H 1
| #define HAVE_FCNTL_H 1
| #define HAVE_LIMITS_H 1
| #define HAVE_NETINET_IN_H 1
| #define HAVE_STDINT_H 1
| #define HAVE_STDLIB_H 1
| #define HAVE_STRING_H 1
| #define HAVE_SYS_IOCTL_H 1
| #define HAVE_SYS_SOCKET_H 1
| #define HAVE_SYS_TIME_H 1
| #define HAVE_TERMIOS_H 1
| #define HAVE_UNISTD_H 1
| #define HAVE__BOOL 1
| #define HAVE_STDBOOL_H 1
| #define TIME_WITH_SYS_TIME 1
| #define HAVE_STDLIB_H 1
| #define HAVE_MALLOC 1
| #define HAVE_STDLIB_H 1
| #define HAVE_REALLOC 1
| #define HAVE_SYS_SELECT_H 1
| #define HAVE_SYS_SOCKET_H 1
| #define SELECT_TYPE_ARG1 int
| #define SELECT_TYPE_ARG234 (fd_set *)
| #define SELECT_TYPE_ARG5 (struct timeval *)
| #define HAVE_VPRINTF 1
| /* end confdefs.h.  */
| /* Define _doprnt to an innocuous variant, in case <limits.h> declares _doprnt.
|    For example, HP-UX 11i <limits.h> declares gettimeofday.  */
| #define _doprnt innocuous__doprnt
| 
| /* System header to define __stub macros and hopefully few prototypes,
|     which can conflict with char _doprnt (); below.
|     Prefer <limits.h> to <assert.h> if __STDC__ is defined, since
|     <limits.h> exists even on freestanding compilers.  */
| 
| #ifdef __STDC__
| # include <limits.h>
| #else
| # include <assert.h>
| #endif
| 
| #undef _doprnt
| 
| /* Override any GCC internal prototype to avoid an error.
|    Use char because int might match the return type of a GCC
|    builtin and then its argument prototype would still apply.  */
| #ifdef __cplusplus
| extern "C"
| #endif
| char _doprnt ();
| /* The GNU C library defines this for functions which it implements
|     to always fail with ENOSYS.  Some functions are actually named
|     something starting with __ and the normal name is an alias.  */
| #if defined __stub__doprnt || defined __stub____doprnt
| choke me
| #endif
| 
| int
| main ()
| {
| return _doprnt ();
|   ;
|   return 0;
| }
configure:9893: result: no
configure:9907: checking for bzero
configure:9907: gcc -o conftest -g -O2   conftest.c -ldl -lpthread -lvdeplug -lutil -lpcap  >&5
conftest.c:77:6: warning: conflicting types for built-in function 'bzero' [-Wbuiltin-declaration-mismatch]
 char bzero ();
      ^~~~~
configure:9907: $? = 0
configure:9907: result: yes
configure:9907: checking for gethostbyname
configure:9907: gcc -o conftest -g -O2   conftest.c -ldl -lpthread -lvdeplug -lutil -lpcap  >&5
configure:9907: $? = 0
configure:9907: result: yes
configure:9907: checking for gettimeofday
configure:9907: gcc -o conftest -g -O2   conftest.c -ldl -lpthread -lvdeplug -lutil -lpcap  >&5
configure:9907: $? = 0
configure:9907: result: yes
configure:9907: checking for inet_ntoa
configure:9907: gcc -o conftest -g -O2   conftest.c -ldl -lpthread -lvdeplug -lutil -lpcap  >&5
configure:9907: $? = 0
configure:9907: result: yes
configure:9907: checking for isascii
configure:9907: gcc -o conftest -g -O2   conftest.c -ldl -lpthread -lvdeplug -lutil -lpcap  >&5
conftest.c:81:6: warning: conflicting types for built-in function 'isascii' [-Wbuiltin-declaration-mismatch]
 char isascii ();
      ^~~~~~~
configure:9907: $? = 0
configure:9907: result: yes
configure:9907: checking for memset
configure:9907: gcc -o conftest -g -O2   conftest.c -ldl -lpthread -lvdeplug -lutil -lpcap  >&5
conftest.c:82:6: warning: conflicting types for built-in function 'memset' [-Wbuiltin-declaration-mismatch]
 char memset ();
      ^~~~~~
configure:9907: $? = 0
configure:9907: result: yes
configure:9907: checking for select
configure:9907: gcc -o conftest -g -O2   conftest.c -ldl -lpthread -lvdeplug -lutil -lpcap  >&5
configure:9907: $? = 0
configure:9907: result: yes
configure:9907: checking for socket
configure:9907: gcc -o conftest -g -O2   conftest.c -ldl -lpthread -lvdeplug -lutil -lpcap  >&5
configure:9907: $? = 0
configure:9907: result: yes
configure:9907: checking for strchr
configure:9907: gcc -o conftest -g -O2   conftest.c -ldl -lpthread -lvdeplug -lutil -lpcap  >&5
conftest.c:85:6: warning: conflicting types for built-in function 'strchr' [-Wbuiltin-declaration-mismatch]
 char strchr ();
      ^~~~~~
configure:9907: $? = 0
configure:9907: result: yes
configure:9907: checking for strerror
configure:9907: gcc -o conftest -g -O2   conftest.c -ldl -lpthread -lvdeplug -lutil -lpcap  >&5
configure:9907: $? = 0
configure:9907: result: yes
configure:9907: checking for strtol
configure:9907: gcc -o conftest -g -O2   conftest.c -ldl -lpthread -lvdeplug -lutil -lpcap  >&5
configure:9907: $? = 0
configure:9907: result: yes
configure:10024: checking that generated files are newer than configure
configure:10030: result: done
configure:10053: creating ./config.status

## ---------------------- ##
## Running config.status. ##
## ---------------------- ##

This file was extended by lwipv6 config.status 1.5a, which was
generated by GNU Autoconf 2.69.  Invocation command line was

  CONFIG_FILES    = 
  CONFIG_HEADERS  = 
  CONFIG_LINKS    = 
  CONFIG_COMMANDS = 
  $ ./config.status 

on ThinkPadX220

config.status:1123: creating Makefile
config.status:1123: creating lwip-contrib/ports/unix/proj/lib/Makefile
config.status:1123: creating config.h
config.status:1352: executing depfiles commands
config.status:1429: cd lwip-contrib/ports/unix/proj/lib       && sed -e '/# am--include-marker/d' Makefile         | make -f - am--depfiles
config.status:1434: $? = 0
config.status:1352: executing libtool commands

## ---------------- ##
## Cache variables. ##
## ---------------- ##

ac_cv_build=x86_64-pc-linux-gnu
ac_cv_c_compiler_gnu=yes
ac_cv_c_const=yes
ac_cv_c_inline=inline
ac_cv_c_uint32_t=yes
ac_cv_c_volatile=yes
ac_cv_env_CC_set=
ac_cv_env_CC_value=
ac_cv_env_CFLAGS_set=
ac_cv_env_CFLAGS_value=
ac_cv_env_CPPFLAGS_set=
ac_cv_env_CPPFLAGS_value=
ac_cv_env_CPP_set=
ac_cv_env_CPP_value=
ac_cv_env_LDFLAGS_set=
ac_cv_env_LDFLAGS_value=
ac_cv_env_LIBS_set=
ac_cv_env_LIBS_value=
ac_cv_env_LT_SYS_LIBRARY_PATH_set=
ac_cv_env_LT_SYS_LIBRARY_PATH_value=
ac_cv_env_build_alias_set=
ac_cv_env_build_alias_value=
ac_cv_env_host_alias_set=
ac_cv_env_host_alias_value=
ac_cv_env_target_alias_set=
ac_cv_env_target_alias_value=
ac_cv_func__doprnt=no
ac_cv_func_bzero=yes
ac_cv_func_gethostbyname=yes
ac_cv_func_gettimeofday=yes
ac_cv_func_inet_ntoa=yes
ac_cv_func_isascii=yes
ac_cv_func_malloc_0_nonnull=yes
ac_cv_func_memcmp_working=yes
ac_cv_func_memset=yes
ac_cv_func_realloc_0_nonnull=yes
ac_cv_func_select=yes
ac_cv_func_select_args='int,fd_set *,struct timeval *'
ac_cv_func_socket=yes
ac_cv_func_strchr=yes
ac_cv_func_strerror=yes
ac_cv_func_strtol=yes
ac_cv_func_vprintf=yes
ac_cv_header_arpa_inet_h=yes
ac_cv_header_dlfcn_h=yes
ac_cv_header_fcntl_h=yes
ac_cv_header_inttypes_h=yes
ac_cv_header_limits_h=yes
ac_cv_header_memory_h=yes
ac_cv_header_netinet_in_h=yes
ac_cv_header_stdbool_h=yes
ac_cv_header_stdc=yes
ac_cv_header_stdint_h=yes
ac_cv_header_stdlib_h=yes
ac_cv_header_string_h=yes
ac_cv_header_strings_h=yes
ac_cv_header_sys_ioctl_h=yes
ac_cv_header_sys_select_h=yes
ac_cv_header_sys_socket_h=yes
ac_cv_header_sys_stat_h=yes
ac_cv_header_sys_time_h=yes
ac_cv_header_sys_types_h=yes
ac_cv_header_termios_h=yes
ac_cv_header_time=yes
ac_cv_header_unistd_h=yes
ac_cv_host=x86_64-pc-linux-gnu
ac_cv_lib_dl_dlopen=yes
ac_cv_lib_error_at_line=yes
ac_cv_lib_pcap_pcap_open_offline=yes
ac_cv_lib_pthread_pthread_create=yes
ac_cv_lib_util_forkpty=yes
ac_cv_lib_vdeplug_vde_close=yes
ac_cv_objext=o
ac_cv_path_EGREP='/usr/bin/grep -E'
ac_cv_path_FGREP='/usr/bin/grep -F'
ac_cv_path_GREP=/usr/bin/grep
ac_cv_path_SED=/usr/bin/sed
ac_cv_path_install='/usr/bin/install -c'
ac_cv_path_lt_DD=/usr/bin/dd
ac_cv_path_mkdir=/usr/bin/mkdir
ac_cv_prog_AWK=gawk
ac_cv_prog_CPP='gcc -E'
ac_cv_prog_ac_ct_AR=ar
ac_cv_prog_ac_ct_CC=gcc
ac_cv_prog_ac_ct_OBJDUMP=objdump
ac_cv_prog_ac_ct_RANLIB=ranlib
ac_cv_prog_ac_ct_STRIP=strip
ac_cv_prog_cc_c89=
ac_cv_prog_cc_g=yes
ac_cv_prog_gcc_traditional=no
ac_cv_prog_make_make_set=yes
ac_cv_type__Bool=yes
ac_cv_type_off_t=yes
ac_cv_type_pid_t=yes
ac_cv_type_size_t=yes
ac_cv_type_ssize_t=yes
am_cv_CC_dependencies_compiler_type=gcc3
am_cv_make_support_nested_variables=yes
am_cv_prog_cc_c_o=yes
lt_cv_ar_at_file=@
lt_cv_archive_cmds_need_lc=no
lt_cv_deplibs_check_method=pass_all
lt_cv_file_magic_cmd='$MAGIC_CMD'
lt_cv_file_magic_test_file=
lt_cv_ld_reload_flag=-r
lt_cv_nm_interface='BSD nm'
lt_cv_objdir=.libs
lt_cv_path_LD=/usr/bin/ld
lt_cv_path_NM='/usr/bin/nm -B'
lt_cv_path_mainfest_tool=no
lt_cv_prog_compiler_c_o=yes
lt_cv_prog_compiler_pic='-fPIC -DPIC'
lt_cv_prog_compiler_pic_works=yes
lt_cv_prog_compiler_rtti_exceptions=no
lt_cv_prog_compiler_static_works=yes
lt_cv_prog_gnu_ld=yes
lt_cv_sharedlib_from_linklib_cmd='printf %s\n'
lt_cv_shlibpath_overrides_runpath=no
lt_cv_sys_global_symbol_pipe='sed -n -e '\''s/^.*[	 ]\([ABCDGIRSTW][ABCDGIRSTW]*\)[	 ][	 ]*\([_A-Za-z][_A-Za-z0-9]*\)$/\1 \2 \2/p'\'' | sed '\''/ __gnu_lto/d'\'''
lt_cv_sys_global_symbol_to_c_name_address='sed -n -e '\''s/^: \(.*\) .*$/  {"\1", (void *) 0},/p'\'' -e '\''s/^[ABCDGIRSTW][ABCDGIRSTW]* .* \(.*\)$/  {"\1", (void *) \&\1},/p'\'''
lt_cv_sys_global_symbol_to_c_name_address_lib_prefix='sed -n -e '\''s/^: \(.*\) .*$/  {"\1", (void *) 0},/p'\'' -e '\''s/^[ABCDGIRSTW][ABCDGIRSTW]* .* \(lib.*\)$/  {"\1", (void *) \&\1},/p'\'' -e '\''s/^[ABCDGIRSTW][ABCDGIRSTW]* .* \(.*\)$/  {"lib\1", (void *) \&\1},/p'\'''
lt_cv_sys_global_symbol_to_cdecl='sed -n -e '\''s/^T .* \(.*\)$/extern int \1();/p'\'' -e '\''s/^[ABCDGIRSTW][ABCDGIRSTW]* .* \(.*\)$/extern char \1;/p'\'''
lt_cv_sys_global_symbol_to_import=
lt_cv_sys_max_cmd_len=1572864
lt_cv_to_host_file_cmd=func_convert_file_noop
lt_cv_to_tool_file_cmd=func_convert_file_noop
lt_cv_truncate_bin='/usr/bin/dd bs=4096 count=1'

## ----------------- ##
## Output variables. ##
## ----------------- ##

ACLOCAL='${SHELL} /home/andrea/Documents/SistemiVirtuali/Project/vuos/vunet_modules/lwipv6/missing aclocal-1.16'
AMDEPBACKSLASH='\'
AMDEP_FALSE='#'
AMDEP_TRUE=''
AMTAR='$${TAR-tar}'
AM_BACKSLASH='\'
AM_DEFAULT_V='$(AM_DEFAULT_VERBOSITY)'
AM_DEFAULT_VERBOSITY='1'
AM_V='$(V)'
AR='ar'
AUTOCONF='${SHELL} /home/andrea/Documents/SistemiVirtuali/Project/vuos/vunet_modules/lwipv6/missing autoconf'
AUTOHEADER='${SHELL} /home/andrea/Documents/SistemiVirtuali/Project/vuos/vunet_modules/lwipv6/missing autoheader'
AUTOMAKE='${SHELL} /home/andrea/Documents/SistemiVirtuali/Project/vuos/vunet_modules/lwipv6/missing automake-1.16'
AWK='gawk'
CC='gcc'
CCDEPMODE='depmode=gcc3'
CFLAGS='-g -O2'
CPP='gcc -E'
CPPFLAGS=''
CYGPATH_W='echo'
DEFS='-DHAVE_CONFIG_H'
DEPDIR='.deps'
DLLTOOL='false'
DSYMUTIL=''
DUMPBIN=''
ECHO_C=''
ECHO_N='-n'
ECHO_T=''
EGREP='/usr/bin/grep -E'
EXEEXT=''
FGREP='/usr/bin/grep -F'
GREP='/usr/bin/grep'
INSTALL_DATA='${INSTALL} -m 644'
INSTALL_PROGRAM='${INSTALL}'
INSTALL_SCRIPT='${INSTALL}'
INSTALL_STRIP_PROGRAM='$(install_sh) -c -s'
LD='/usr/bin/ld -m elf_x86_64'
LDFLAGS=''
LIBOBJS=''
LIBS='-ldl -lpthread -lvdeplug -lutil -lpcap '
LIBTOOL='$(SHELL) $(top_builddir)/libtool'
LIPO=''
LN_S='ln -s'
LTLIBOBJS=''
LT_SYS_LIBRARY_PATH=''
MAKEINFO='${SHELL} /home/andrea/Documents/SistemiVirtuali/Project/vuos/vunet_modules/lwipv6/missing makeinfo'
MANIFEST_TOOL=':'
MKDIR_P='/usr/bin/mkdir -p'
NM='/usr/bin/nm -B'
NMEDIT=''
OBJDUMP='objdump'
OBJEXT='o'
OTOOL64=''
OTOOL=''
PACKAGE='lwipv6'
PACKAGE_BUGREPORT='info@v2.cs.unibo.it'
PACKAGE_NAME='lwipv6'
PACKAGE_STRING='lwipv6 1.5a'
PACKAGE_TARNAME='lwipv6'
PACKAGE_URL=''
PACKAGE_VERSION='1.5a'
PATH_SEPARATOR=':'
RANLIB='ranlib'
SED='/usr/bin/sed'
SET_MAKE=''
SHELL='/bin/sh'
STRIP='strip'
VERSION='1.5a'
ac_ct_AR='ar'
ac_ct_CC='gcc'
ac_ct_DUMPBIN=''
am__EXEEXT_FALSE=''
am__EXEEXT_TRUE='#'
am__fastdepCC_FALSE='#'
am__fastdepCC_TRUE=''
am__include='include'
am__isrc=''
am__leading_dot='.'
am__nodep='_no'
am__quote=''
am__tar='$${TAR-tar} chof - "$$tardir"'
am__untar='$${TAR-tar} xf -'
bindir='${exec_prefix}/bin'
build='x86_64-pc-linux-gnu'
build_alias=''
build_cpu='x86_64'
build_os='linux-gnu'
build_vendor='pc'
datadir='${datarootdir}'
datarootdir='${prefix}/share'
docdir='${datarootdir}/doc/${PACKAGE_TARNAME}'
dvidir='${docdir}'
exec_prefix='${prefix}'
host='x86_64-pc-linux-gnu'
host_alias=''
host_cpu='x86_64'
host_os='linux-gnu'
host_vendor='pc'
htmldir='${docdir}'
includedir='${prefix}/include'
infodir='${datarootdir}/info'
install_sh='${SHELL} /home/andrea/Documents/SistemiVirtuali/Project/vuos/vunet_modules/lwipv6/install-sh'
libdir='${exec_prefix}/lib'
libexecdir='${exec_prefix}/libexec'
localedir='${datarootdir}/locale'
localstatedir='${prefix}/var'
mandir='${datarootdir}/man'
mkdir_p='$(MKDIR_P)'
oldincludedir='/usr/include'
pdfdir='${docdir}'
prefix='/usr/local'
program_transform_name='s,x,x,'
psdir='${docdir}'
sbindir='${exec_prefix}/sbin'
sharedstatedir='${prefix}/com'
sysconfdir='${prefix}/etc'
target_alias=''

## ----------- ##
## confdefs.h. ##
## ----------- ##

/* confdefs.h */
#define PACKAGE_NAME "lwipv6"
#define PACKAGE_TARNAME "lwipv6"
#define PACKAGE_VERSION "1.5a"
#define PACKAGE_STRING "lwipv6 1.5a"
#define PACKAGE_BUGREPORT "info@v2.cs.unibo.it"
#define PACKAGE_URL ""
#define PACKAGE "lwipv6"
#define VERSION "1.5a"
#define STDC_HEADERS 1
#define HAVE_SYS_TYPES_H 1
#define HAVE_SYS_STAT_H 1
#define HAVE_STDLIB_H 1
#define HAVE_STRING_H 1
#define HAVE_MEMORY_H 1
#define HAVE_STRINGS_H 1
#define HAVE_INTTYPES_H 1
#define HAVE_STDINT_H 1
#define HAVE_UNISTD_H 1
#define HAVE_DLFCN_H 1
#define LT_OBJDIR ".libs/"
#define HAVE_LIBPCAP 1
#define HAVE_LIBUTIL 1
#define HAVE_LIBVDEPLUG 1
#define HAVE_LIBPTHREAD 1
#define HAVE_LIBDL 1
#define STDC_HEADERS 1
#define HAVE_ARPA_INET_H 1
#define HAVE_FCNTL_H 1
#define HAVE_LIMITS_H 1
#define HAVE_NETINET_IN_H 1
#define HAVE_STDINT_H 1
#define HAVE_STDLIB_H 1
#define HAVE_STRING_H 1
#define HAVE_SYS_IOCTL_H 1
#define HAVE_SYS_SOCKET_H 1
#define HAVE_SYS_TIME_H 1
#define HAVE_TERMIOS_H 1
#define HAVE_UNISTD_H 1
#define HAVE__BOOL 1
#define HAVE_STDBOOL_H 1
#define TIME_WITH_SYS_TIME 1
#define HAVE_STDLIB_H 1
#define HAVE_MALLOC 1
#define HAVE_STDLIB_H 1
#define HAVE_REALLOC 1
#define HAVE_SYS_SELECT_H 1
#define HAVE_SYS_SOCKET_H 1
#define SELECT_TYPE_ARG1 int
#define SELECT_TYPE_ARG234 (fd_set *)
#define SELECT_TYPE_ARG5 (struct timeval *)
#define HAVE_VPRINTF 1
#define HAVE_BZERO 1
#define HAVE_GETHOSTBYNAME 1
#define HAVE_GETTIMEOFDAY 1
#define HAVE_INET_NTOA 1
#define HAVE_ISASCII 1
#define HAVE_MEMSET 1
#define HAVE_SELECT 1
#define HAVE_SOCKET 1
#define HAVE_STRCHR 1
#define HAVE_STRERROR 1
#define HAVE_STRTOL 1

configure: exit 0
